{"uid":"8046ebc75efd55e7","name":"Send email","fullName":"Send email","historyId":"Send email","time":{"start":1716504697559,"stop":1716504698667,"duration":1108},"status":"failed","statusMessage":"element click intercepted: Element <button id=\"newmail\" disabled=\"\" class=\"md but textu f24\" onclick=\"newm();\">...</button> is not clickable at point (82, 144). Other element would receive the click: <div id=\"r_parent\" style=\"\" class=\"r_popup\">...</div>\n  (Session info: chrome-headless-shell=125.0.6422.60)","statusTrace":"OpenQA.Selenium.ElementClickInterceptedException: element click intercepted: Element <button id=\"newmail\" disabled=\"\" class=\"md but textu f24\" onclick=\"newm();\">...</button> is not clickable at point (82, 144). Other element would receive the click: <div id=\"r_parent\" style=\"\" class=\"r_popup\">...</div>\n  (Session info: chrome-headless-shell=125.0.6422.60)\n   at OpenQA.Selenium.WebDriver.UnpackAndThrowOnError(Response errorResponse, String commandToExecute)\n   at OpenQA.Selenium.WebDriver.Execute(String driverCommandToExecute, Dictionary`2 parameters)\n   at OpenQA.Selenium.WebDriver.InternalExecute(String driverCommandToExecute, Dictionary`2 parameters)\n   at OpenQA.Selenium.WebElement.Execute(String commandToExecute, Dictionary`2 parameters)\n   at OpenQA.Selenium.WebElement.Click()\n   at YopMail_CI_CD.src.code.control.ControlSelenium.Click() in /home/runner/work/YopMail_CI_CD/YopMail_CI_CD/YopMail_CI_CD/src/code/control/ControlSelenium.cs:line 29\n   at YopMail_CI_CD.TestStepDefinitions.GivenOpenMailScreen() in /home/runner/work/YopMail_CI_CD/YopMail_CI_CD/YopMail_CI_CD/TestStepDefinitions.cs:line 43\n   at TechTalk.SpecFlow.Bindings.BindingInvoker.InvokeBinding(IBinding binding, IContextManager contextManager, Object[] arguments, ITestTracer testTracer, TimeSpan& duration)\n   at Allure.SpecFlowPlugin.AllureBindingInvoker.InvokeBinding(IBinding binding, IContextManager contextManager, Object[] arguments, ITestTracer testTracer, TimeSpan& duration)\n   at TechTalk.SpecFlow.Infrastructure.TestExecutionEngine.ExecuteStepMatch(BindingMatch match, Object[] arguments, TimeSpan& duration)\n   at TechTalk.SpecFlow.Infrastructure.TestExecutionEngine.ExecuteStep(IContextManager contextManager, StepInstance stepInstance)","flaky":false,"newFailed":false,"newBroken":false,"newPassed":false,"retriesCount":1,"retriesStatusChange":true,"beforeStages":[],"testStage":{"status":"failed","statusMessage":"element click intercepted: Element <button id=\"newmail\" disabled=\"\" class=\"md but textu f24\" onclick=\"newm();\">...</button> is not clickable at point (82, 144). Other element would receive the click: <div id=\"r_parent\" style=\"\" class=\"r_popup\">...</div>\n  (Session info: chrome-headless-shell=125.0.6422.60)","statusTrace":"OpenQA.Selenium.ElementClickInterceptedException: element click intercepted: Element <button id=\"newmail\" disabled=\"\" class=\"md but textu f24\" onclick=\"newm();\">...</button> is not clickable at point (82, 144). Other element would receive the click: <div id=\"r_parent\" style=\"\" class=\"r_popup\">...</div>\n  (Session info: chrome-headless-shell=125.0.6422.60)\n   at OpenQA.Selenium.WebDriver.UnpackAndThrowOnError(Response errorResponse, String commandToExecute)\n   at OpenQA.Selenium.WebDriver.Execute(String driverCommandToExecute, Dictionary`2 parameters)\n   at OpenQA.Selenium.WebDriver.InternalExecute(String driverCommandToExecute, Dictionary`2 parameters)\n   at OpenQA.Selenium.WebElement.Execute(String commandToExecute, Dictionary`2 parameters)\n   at OpenQA.Selenium.WebElement.Click()\n   at YopMail_CI_CD.src.code.control.ControlSelenium.Click() in /home/runner/work/YopMail_CI_CD/YopMail_CI_CD/YopMail_CI_CD/src/code/control/ControlSelenium.cs:line 29\n   at YopMail_CI_CD.TestStepDefinitions.GivenOpenMailScreen() in /home/runner/work/YopMail_CI_CD/YopMail_CI_CD/YopMail_CI_CD/TestStepDefinitions.cs:line 43\n   at TechTalk.SpecFlow.Bindings.BindingInvoker.InvokeBinding(IBinding binding, IContextManager contextManager, Object[] arguments, ITestTracer testTracer, TimeSpan& duration)\n   at Allure.SpecFlowPlugin.AllureBindingInvoker.InvokeBinding(IBinding binding, IContextManager contextManager, Object[] arguments, ITestTracer testTracer, TimeSpan& duration)\n   at TechTalk.SpecFlow.Infrastructure.TestExecutionEngine.ExecuteStepMatch(BindingMatch match, Object[] arguments, TimeSpan& duration)\n   at TechTalk.SpecFlow.Infrastructure.TestExecutionEngine.ExecuteStep(IContextManager contextManager, StepInstance stepInstance)","steps":[{"name":"Given  Open Mail Screen","time":{"start":1716504697559,"stop":1716504698661,"duration":1102},"status":"failed","steps":[],"attachments":[],"parameters":[],"shouldDisplayMessage":false,"stepsCount":0,"attachmentsCount":0,"hasContent":false,"attachmentStep":false},{"name":"When  Write Email to send","time":{"start":1716504698662,"stop":1716504698663,"duration":1},"status":"skipped","steps":[],"attachments":[],"parameters":[],"shouldDisplayMessage":false,"stepsCount":0,"attachmentsCount":0,"hasContent":false,"attachmentStep":false},{"name":"Then  Check mail delivery","time":{"start":1716504698664,"stop":1716504698664,"duration":0},"status":"skipped","steps":[],"attachments":[],"parameters":[],"shouldDisplayMessage":false,"stepsCount":0,"attachmentsCount":0,"hasContent":false,"attachmentStep":false}],"attachments":[],"parameters":[],"shouldDisplayMessage":true,"stepsCount":3,"attachmentsCount":0,"hasContent":true,"attachmentStep":false},"afterStages":[],"labels":[{"name":"thread","value":"NonParallelWorker"},{"name":"host","value":"fv-az979-164"},{"name":"feature","value":"TestYopMail"},{"name":"resultFormat","value":"allure2"}],"parameters":[],"links":[],"hidden":false,"retry":false,"extra":{"severity":"normal","retries":[{"uid":"13711d0438a94e14","status":"passed","time":{"start":1686350445366,"stop":1686350450121,"duration":4755}}],"categories":[{"name":"Product defects","matchedStatuses":[],"flaky":false}],"tags":[]},"source":"8046ebc75efd55e7.json","parameterValues":[]}