{"uid":"91e3cbbaf0184054","name":"Verify arrival of mail in the mailbox","fullName":"Verify arrival of mail in the mailbox","historyId":"Verify arrival of mail in the mailbox","time":{"start":1716504698668,"stop":1716504699742,"duration":1074},"status":"failed","statusMessage":"element click intercepted: Element <button id=\"refresh\" class=\"md but textu f36\" onclick=\"if(chkl())r();\">...</button> is not clickable at point (248, 143). Other element would receive the click: <div id=\"r_parent\" style=\"\" class=\"r_popup\">...</div>\n  (Session info: chrome-headless-shell=125.0.6422.60)","statusTrace":"OpenQA.Selenium.ElementClickInterceptedException: element click intercepted: Element <button id=\"refresh\" class=\"md but textu f36\" onclick=\"if(chkl())r();\">...</button> is not clickable at point (248, 143). Other element would receive the click: <div id=\"r_parent\" style=\"\" class=\"r_popup\">...</div>\n  (Session info: chrome-headless-shell=125.0.6422.60)\n   at OpenQA.Selenium.WebDriver.UnpackAndThrowOnError(Response errorResponse, String commandToExecute)\n   at OpenQA.Selenium.WebDriver.Execute(String driverCommandToExecute, Dictionary`2 parameters)\n   at OpenQA.Selenium.WebDriver.InternalExecute(String driverCommandToExecute, Dictionary`2 parameters)\n   at OpenQA.Selenium.WebElement.Execute(String commandToExecute, Dictionary`2 parameters)\n   at OpenQA.Selenium.WebElement.Click()\n   at YopMail_CI_CD.src.code.control.ControlSelenium.Click() in /home/runner/work/YopMail_CI_CD/YopMail_CI_CD/YopMail_CI_CD/src/code/control/ControlSelenium.cs:line 29\n   at YopMail_CI_CD.TestStepDefinitions.GivenSwitchToInboxSection() in /home/runner/work/YopMail_CI_CD/YopMail_CI_CD/YopMail_CI_CD/TestStepDefinitions.cs:line 67\n   at TechTalk.SpecFlow.Bindings.BindingInvoker.InvokeBinding(IBinding binding, IContextManager contextManager, Object[] arguments, ITestTracer testTracer, TimeSpan& duration)\n   at Allure.SpecFlowPlugin.AllureBindingInvoker.InvokeBinding(IBinding binding, IContextManager contextManager, Object[] arguments, ITestTracer testTracer, TimeSpan& duration)\n   at TechTalk.SpecFlow.Infrastructure.TestExecutionEngine.ExecuteStepMatch(BindingMatch match, Object[] arguments, TimeSpan& duration)\n   at TechTalk.SpecFlow.Infrastructure.TestExecutionEngine.ExecuteStep(IContextManager contextManager, StepInstance stepInstance)","flaky":false,"newFailed":false,"newBroken":false,"newPassed":false,"retriesCount":1,"retriesStatusChange":true,"beforeStages":[],"testStage":{"status":"failed","statusMessage":"element click intercepted: Element <button id=\"refresh\" class=\"md but textu f36\" onclick=\"if(chkl())r();\">...</button> is not clickable at point (248, 143). Other element would receive the click: <div id=\"r_parent\" style=\"\" class=\"r_popup\">...</div>\n  (Session info: chrome-headless-shell=125.0.6422.60)","statusTrace":"OpenQA.Selenium.ElementClickInterceptedException: element click intercepted: Element <button id=\"refresh\" class=\"md but textu f36\" onclick=\"if(chkl())r();\">...</button> is not clickable at point (248, 143). Other element would receive the click: <div id=\"r_parent\" style=\"\" class=\"r_popup\">...</div>\n  (Session info: chrome-headless-shell=125.0.6422.60)\n   at OpenQA.Selenium.WebDriver.UnpackAndThrowOnError(Response errorResponse, String commandToExecute)\n   at OpenQA.Selenium.WebDriver.Execute(String driverCommandToExecute, Dictionary`2 parameters)\n   at OpenQA.Selenium.WebDriver.InternalExecute(String driverCommandToExecute, Dictionary`2 parameters)\n   at OpenQA.Selenium.WebElement.Execute(String commandToExecute, Dictionary`2 parameters)\n   at OpenQA.Selenium.WebElement.Click()\n   at YopMail_CI_CD.src.code.control.ControlSelenium.Click() in /home/runner/work/YopMail_CI_CD/YopMail_CI_CD/YopMail_CI_CD/src/code/control/ControlSelenium.cs:line 29\n   at YopMail_CI_CD.TestStepDefinitions.GivenSwitchToInboxSection() in /home/runner/work/YopMail_CI_CD/YopMail_CI_CD/YopMail_CI_CD/TestStepDefinitions.cs:line 67\n   at TechTalk.SpecFlow.Bindings.BindingInvoker.InvokeBinding(IBinding binding, IContextManager contextManager, Object[] arguments, ITestTracer testTracer, TimeSpan& duration)\n   at Allure.SpecFlowPlugin.AllureBindingInvoker.InvokeBinding(IBinding binding, IContextManager contextManager, Object[] arguments, ITestTracer testTracer, TimeSpan& duration)\n   at TechTalk.SpecFlow.Infrastructure.TestExecutionEngine.ExecuteStepMatch(BindingMatch match, Object[] arguments, TimeSpan& duration)\n   at TechTalk.SpecFlow.Infrastructure.TestExecutionEngine.ExecuteStep(IContextManager contextManager, StepInstance stepInstance)","steps":[{"name":"Given  Switch to Inbox Section","time":{"start":1716504698668,"stop":1716504699742,"duration":1074},"status":"failed","steps":[],"attachments":[],"parameters":[],"shouldDisplayMessage":false,"stepsCount":0,"attachmentsCount":0,"hasContent":false,"attachmentStep":false},{"name":"When  Check mail sent in the mailbox","time":{"start":1716504699742,"stop":1716504699742,"duration":0},"status":"skipped","steps":[],"attachments":[],"parameters":[],"shouldDisplayMessage":false,"stepsCount":0,"attachmentsCount":0,"hasContent":false,"attachmentStep":false},{"name":"Then  Close browser","time":{"start":1716504699742,"stop":1716504699742,"duration":0},"status":"skipped","steps":[],"attachments":[],"parameters":[],"shouldDisplayMessage":false,"stepsCount":0,"attachmentsCount":0,"hasContent":false,"attachmentStep":false}],"attachments":[],"parameters":[],"shouldDisplayMessage":true,"stepsCount":3,"attachmentsCount":0,"hasContent":true,"attachmentStep":false},"afterStages":[],"labels":[{"name":"thread","value":"NonParallelWorker"},{"name":"host","value":"fv-az979-164"},{"name":"feature","value":"TestYopMail"},{"name":"resultFormat","value":"allure2"}],"parameters":[],"links":[],"hidden":false,"retry":false,"extra":{"severity":"normal","retries":[{"uid":"7eb6201e3f0298c8","status":"passed","time":{"start":1686350450122,"stop":1686350451098,"duration":976}}],"categories":[{"name":"Product defects","matchedStatuses":[],"flaky":false}],"tags":[]},"source":"91e3cbbaf0184054.json","parameterValues":[]}